<?xml version="1.0" encoding="UTF-8"?>
<testsuite xmlns:xsi="http://www.w3.org/2001/XMLSchema-instance" xsi:noNamespaceSchemaLocation="https://maven.apache.org/surefire/maven-surefire-plugin/xsd/surefire-test-report-3.0.xsd" version="3.0" name="com.prueba.prueba.PruebaApplicationTests" time="4.879" tests="1" errors="0" skipped="0" failures="0">
  <properties>
[...]
</properties>
  <testcase name="contextLoads" classname="com.prueba.prueba.PruebaApplicationTests" time="1.451">
    <system-out><![CDATA[13:28:43.360 [main] INFO org.springframework.test.context.support.AnnotationConfigContextLoaderUtils -- Could not detect default configuration classes for test class [com.prueba.prueba.PruebaApplicationTests]: PruebaApplicationTests does not declare any static, non-private, non-final, nested classes annotated with @Configuration.
13:28:43.531 [main] INFO org.springframework.boot.test.context.SpringBootTestContextBootstrapper -- Found @SpringBootConfiguration com.prueba.prueba.PruebaApplication for test class com.prueba.prueba.PruebaApplicationTests

  .   ____          _            __ _ _
 /\\ / ___'_ __ _ _(_)_ __  __ _ \ \ \ \
( ( )\___ | '_ | '_| | '_ \/ _` | \ \ \ \
 \\/  ___)| |_)| | | | | || (_| |  ) ) ) )
  '  |____| .__|_| |_|_| |_\__, | / / / /
 =========|_|==============|___/=/_/_/_/
 :: Spring Boot ::                (v3.2.5)

2024-05-08T13:28:44.289-05:00  INFO 508 --- [prueba] [           main] c.prueba.prueba.PruebaApplicationTests   : Starting PruebaApplicationTests using Java 17.0.1 with PID 508 (started by Christian in C:\Users\Christian\IdeaProjects\prueba)
2024-05-08T13:28:44.292-05:00  INFO 508 --- [prueba] [           main] c.prueba.prueba.PruebaApplicationTests   : No active profile set, falling back to 1 default profile: "default"
2024-05-08T13:28:46.478-05:00  INFO 508 --- [prueba] [           main] c.prueba.prueba.PruebaApplicationTests   : Started PruebaApplicationTests in 2.652 seconds (process running for 4.484)
]]></system-out>
  </testcase>
</testsuite>